\BOOKMARK [0][-]{chapter*.2}{\376\377\000C\000o\000n\000t\000e\000n\000t\000s}{}% 1
\BOOKMARK [0][-]{chapter.1}{\376\377\000I\000n\000t\000r\000o\000d\000u\000c\000t\000i\000o\000n}{}% 2
\BOOKMARK [0][-]{chapter.2}{\376\377\000I\000n\000s\000t\000a\000l\000l\000a\000t\000i\000o\000n}{}% 3
\BOOKMARK [1][-]{section.2.1}{\376\377\000I\000n\000s\000t\000a\000l\000l\000\040\000M\000A\000T\000L\000A\000B}{chapter.2}% 4
\BOOKMARK [1][-]{section.2.2}{\376\377\000D\000o\000w\000n\000l\000o\000a\000d\000\040\000a\000n\000d\000\040\000E\000x\000t\000r\000a\000c\000t\000\040\000t\000h\000e\000\040\000G\000U\000I}{chapter.2}% 5
\BOOKMARK [1][-]{section.2.3}{\376\377\000A\000d\000d\000\040\000t\000h\000e\000\040\000G\000U\000I\000\040\000F\000o\000l\000d\000e\000r\000\040\000t\000o\000\040\000M\000A\000T\000L\000A\000B\000\040\000P\000a\000t\000h}{chapter.2}% 6
\BOOKMARK [1][-]{section.2.4}{\376\377\000R\000u\000n\000\040\000t\000h\000e\000\040\000G\000U\000I}{chapter.2}% 7
\BOOKMARK [1][-]{section.2.5}{\376\377\000V\000e\000r\000i\000f\000y\000\040\000I\000n\000s\000t\000a\000l\000l\000a\000t\000i\000o\000n}{chapter.2}% 8
\BOOKMARK [1][-]{section.2.6}{\376\377\000T\000r\000o\000u\000b\000l\000e\000s\000h\000o\000o\000t\000i\000n\000g}{chapter.2}% 9
\BOOKMARK [0][-]{chapter.3}{\376\377\000G\000e\000t\000t\000i\000n\000g\000\040\000S\000t\000a\000r\000t\000e\000d}{}% 10
\BOOKMARK [1][-]{section.3.1}{\376\377\000L\000a\000u\000n\000c\000h\000i\000n\000g\000\040\000t\000h\000e\000\040\000G\000U\000I}{chapter.3}% 11
\BOOKMARK [1][-]{section.3.2}{\376\377\000U\000n\000d\000e\000r\000s\000t\000a\000n\000d\000i\000n\000g\000\040\000t\000h\000e\000\040\000I\000n\000t\000e\000r\000f\000a\000c\000e}{chapter.3}% 12
\BOOKMARK [1][-]{section.3.3}{\376\377\000R\000u\000n\000n\000i\000n\000g\000\040\000Y\000o\000u\000r\000\040\000F\000i\000r\000s\000t\000\040\000S\000i\000m\000u\000l\000a\000t\000i\000o\000n}{chapter.3}% 13
\BOOKMARK [1][-]{section.3.4}{\376\377\000S\000a\000v\000i\000n\000g\000\040\000R\000e\000s\000u\000l\000t\000s}{chapter.3}% 14
\BOOKMARK [1][-]{section.3.5}{\376\377\000E\000x\000p\000l\000o\000r\000i\000n\000g\000\040\000A\000d\000v\000a\000n\000c\000e\000d\000\040\000F\000e\000a\000t\000u\000r\000e\000s}{chapter.3}% 15
\BOOKMARK [1][-]{section.3.6}{\376\377\000T\000i\000p\000s\000\040\000f\000o\000r\000\040\000B\000e\000g\000i\000n\000n\000e\000r\000s}{chapter.3}% 16
\BOOKMARK [0][-]{chapter.4}{\376\377\000U\000s\000e\000r\000\040\000I\000n\000t\000e\000r\000f\000a\000c\000e\000\040\000O\000v\000e\000r\000v\000i\000e\000w}{}% 17
\BOOKMARK [1][-]{section.4.1}{\376\377\000I\000n\000t\000e\000r\000a\000c\000t\000i\000v\000e\000\040\000E\000l\000e\000m\000e\000n\000t\000s}{chapter.4}% 18
\BOOKMARK [2][-]{subsection.4.1.1}{\376\377\000A\000x\000e\000s}{section.4.1}% 19
\BOOKMARK [2][-]{subsection.4.1.2}{\376\377\000B\000u\000t\000t\000o\000n}{section.4.1}% 20
\BOOKMARK [2][-]{subsection.4.1.3}{\376\377\000C\000h\000e\000c\000k\000\040\000B\000o\000x}{section.4.1}% 21
\BOOKMARK [2][-]{subsection.4.1.4}{\376\377\000D\000r\000o\000p\000\040\000D\000o\000w\000n}{section.4.1}% 22
\BOOKMARK [2][-]{subsection.4.1.5}{\376\377\000E\000d\000i\000t\000\040\000F\000i\000e\000l\000d\000\040\000\050\000N\000u\000m\000e\000r\000i\000c\000\051}{section.4.1}% 23
\BOOKMARK [2][-]{subsection.4.1.6}{\376\377\000M\000e\000n\000u\000\040\000B\000a\000r}{section.4.1}% 24
\BOOKMARK [2][-]{subsection.4.1.7}{\376\377\000S\000l\000i\000d\000e\000r}{section.4.1}% 25
\BOOKMARK [2][-]{subsection.4.1.8}{\376\377\000T\000e\000x\000t\000\040\000A\000r\000e\000a}{section.4.1}% 26
\BOOKMARK [2][-]{subsection.4.1.9}{\376\377\000T\000r\000e\000e\000\040\000\050\000C\000h\000e\000c\000k\000\040\000B\000o\000x\000\051}{section.4.1}% 27
\BOOKMARK [1][-]{section.4.2}{\376\377\000N\000o\000n\000i\000n\000t\000e\000r\000a\000c\000t\000i\000v\000e\000\040\000E\000l\000e\000m\000e\000n\000t\000s}{chapter.4}% 28
\BOOKMARK [2][-]{subsection.4.2.1}{\376\377\000P\000r\000o\000g\000r\000e\000s\000s\000\040\000G\000a\000u\000g\000e\000\040\000\050\000L\000i\000n\000e\000a\000r\000\051}{section.4.2}% 29
\BOOKMARK [2][-]{subsection.4.2.2}{\376\377\000L\000a\000m\000p}{section.4.2}% 30
\BOOKMARK [2][-]{subsection.4.2.3}{\376\377\000T\000e\000x\000t\000\040\000A\000r\000e\000a}{section.4.2}% 31
\BOOKMARK [0][-]{chapter.5}{\376\377\000F\000u\000n\000c\000t\000i\000o\000n\000a\000l\000i\000t\000y}{}% 32
\BOOKMARK [1][-]{section.5.1}{\376\377\000M\000a\000i\000n\000\040\000I\000n\000t\000e\000r\000f\000a\000c\000e\000:\000\040\000m\000a\000i\000n\000.\000m\000l\000a\000p\000p}{chapter.5}% 33
\BOOKMARK [2][-]{subsection.5.1.1}{\376\377\000G\000e\000n\000e\000r\000a\000l\000\040\000S\000e\000t\000t\000i\000n\000g\000s}{section.5.1}% 34
\BOOKMARK [2][-]{subsection.5.1.2}{\376\377\000R\000a\000n\000d\000o\000m\000\040\000W\000a\000l\000k}{section.5.1}% 35
\BOOKMARK [2][-]{subsection.5.1.3}{\376\377\000B\000o\000r\000e\000d\000o\000m\000\040\000F\000u\000n\000c\000t\000i\000o\000n}{section.5.1}% 36
\BOOKMARK [2][-]{subsection.5.1.4}{\376\377\000C\000o\000s\000t}{section.5.1}% 37
\BOOKMARK [2][-]{subsection.5.1.5}{\376\377\000T\000i\000m\000e\000r}{section.5.1}% 38
\BOOKMARK [1][-]{section.5.2}{\376\377\000R\000u\000n\000n\000i\000n\000g\000\040\000n\000e\000w\000\040\000R\000u\000n\000/\000\040\000S\000i\000m\000u\000l\000a\000t\000i\000o\000n\000\040\000a\000n\000d\000\040\000P\000l\000o\000t}{chapter.5}% 39
\BOOKMARK [1][-]{section.5.3}{\376\377\000I\000m\000p\000o\000r\000t\000i\000n\000g\000\040\000D\000a\000t\000a\000s\000e\000t\000s\000\040\000f\000o\000r\000\040\000V\000i\000s\000u\000a\000l\000i\000z\000a\000t\000i\000o\000n}{chapter.5}% 40
\BOOKMARK [2][-]{subsection.5.3.1}{\376\377\000I\000m\000p\000o\000r\000t\000\040\000S\000i\000m\000u\000l\000a\000t\000i\000o\000n}{section.5.3}% 41
\BOOKMARK [2][-]{subsection.5.3.2}{\376\377\000I\000m\000p\000o\000r\000t\000\040\000B\000a\000t\000c\000h}{section.5.3}% 42
\BOOKMARK [1][-]{section.5.4}{\376\377\000M\000u\000l\000t\000i\000p\000l\000e\000\040\000S\000e\000t\000t\000i\000n\000g\000s}{chapter.5}% 43
\BOOKMARK [1][-]{section.5.5}{\376\377\000B\000a\000t\000c\000h\000\040\000P\000l\000o\000t\000\040\000-\000\040\000H\000i\000s\000t\000o\000g\000r\000a\000m}{chapter.5}% 44
\BOOKMARK [1][-]{section.5.6}{\376\377\000M\000e\000n\000u\000\040\000B\000a\000r}{chapter.5}% 45
\BOOKMARK [2][-]{subsection.5.6.1}{\376\377\000P\000o\000p\000-\000o\000u\000t\000\040\000F\000i\000g\000u\000r\000e}{section.5.6}% 46
\BOOKMARK [2][-]{subsection.5.6.2}{\376\377\000S\000a\000v\000e\000\040\000R\000u\000n\000\040\000R\000e\000s\000u\000l\000t\000s}{section.5.6}% 47
\BOOKMARK [2][-]{subsection.5.6.3}{\376\377\000S\000a\000v\000e\000\040\000B\000a\000t\000c\000h\000\040\000F\000i\000g\000u\000r\000e\000s}{section.5.6}% 48
\BOOKMARK [2][-]{subsection.5.6.4}{\376\377\000S\000m\000o\000o\000t\000h\000i\000n\000g}{section.5.6}% 49
\BOOKMARK [2][-]{subsection.5.6.5}{\376\377\000H\000e\000l\000p}{section.5.6}% 50
\BOOKMARK [0][-]{chapter.6}{\376\377\000T\000r\000o\000u\000b\000l\000e\000s\000h\000o\000o\000t\000i\000n\000g}{}% 51
\BOOKMARK [1][-]{section.6.1}{\376\377\000C\000o\000m\000m\000o\000n\000\040\000I\000s\000s\000u\000e\000s}{chapter.6}% 52
\BOOKMARK [1][-]{section.6.2}{\376\377\000G\000e\000t\000t\000i\000n\000g\000\040\000H\000e\000l\000p}{chapter.6}% 53
\BOOKMARK [0][-]{chapter.7}{\376\377\000F\000A\000Q\000s}{}% 54
\BOOKMARK [0][-]{chapter.8}{\376\377\000T\000i\000p\000s\000\040\000a\000n\000d\000\040\000B\000e\000s\000t\000\040\000P\000r\000a\000c\000t\000i\000c\000e\000s}{}% 55
\BOOKMARK [1][-]{section.8.1}{\376\377\000G\000e\000n\000e\000r\000a\000l\000\040\000T\000i\000p\000s}{chapter.8}% 56
\BOOKMARK [1][-]{section.8.2}{\376\377\000B\000e\000s\000t\000\040\000P\000r\000a\000c\000t\000i\000c\000e\000s\000\040\000f\000o\000r\000\040\000S\000i\000m\000u\000l\000a\000t\000i\000o\000n}{chapter.8}% 57
\BOOKMARK [0][-]{chapter.9}{\376\377\000S\000u\000p\000p\000o\000r\000t\000\040\000a\000n\000d\000\040\000C\000o\000n\000t\000a\000c\000t}{}% 58
\BOOKMARK [0][-]{chapter.10}{\376\377\000C\000o\000n\000c\000l\000u\000s\000i\000o\000n}{}% 59
